<?xml version="1.0" encoding="UTF-8"?>
<!-- Generated by org.testng.reporters.JUnitReportReporter -->
<testsuite name="case1.SecondClass" tests="2" time="19.641" ignored="2" failures="0" timestamp="03 Jan 2017 22:31:44 GMT" skipped="0" hostname="BDC7-L-4HKNLC2" errors="0">
  <testcase name="method6" time="9.924" classname="case1.SecondClass"/>
  <testcase name="method4" time="9.717" classname="case1.SecondClass"/>
  <testcase name="method5" classname="case1.SecondClass">
    <skipped/>
  </testcase> <!-- method5 -->
  <testcase name="method2" classname="case1.FirstClass">
    <skipped/>
  </testcase> <!-- method2 -->
</testsuite> <!-- case1.SecondClass -->
