<?xml version="1.0" encoding="UTF-8"?>
<!-- Generated by org.testng.reporters.JUnitReportReporter -->
<testsuite name="case1.FirstClass" tests="2" time="20.137" ignored="2" failures="0" timestamp="03 Jan 2017 22:31:44 GMT" skipped="0" hostname="BDC7-L-4HKNLC2" errors="0">
  <testcase name="method1" time="10.703" classname="case1.FirstClass"/>
  <testcase name="method3" time="9.434" classname="case1.FirstClass"/>
  <testcase name="method5" classname="case1.SecondClass">
    <skipped/>
  </testcase> <!-- method5 -->
  <testcase name="method2" classname="case1.FirstClass">
    <skipped/>
  </testcase> <!-- method2 -->
</testsuite> <!-- case1.FirstClass -->
